C51 COMPILER V9.60.0.0   AUTO_STREET_LIGHT_CONTROLLER                                      12/05/2022 22:55:51 PAGE 1   


C51 COMPILER V9.60.0.0, COMPILATION OF MODULE AUTO_STREET_LIGHT_CONTROLLER
OBJECT MODULE PLACED IN .\Objects\Auto_Street_light_controller.obj
COMPILER INVOKED BY: C:\Keil_v5\C51\BIN\C51.EXE Auto_Street_light_controller.c OPTIMIZE(8,SPEED) BROWSE DEBUG OBJECTEXTE
                    -ND PRINT(.\Listings\Auto_Street_light_controller.lst) TABS(2) OBJECT(.\Objects\Auto_Street_light_controller.obj)

line level    source

   1          #include<reg51.h>
   2          sbit sensor1=P1^0;
   3          sbit sensor2=P1^1;
   4          sbit sensor3=P1^2;
   5          
   6          ///  sensors on street//
   7          
   8          sbit load1=P2^0;
   9          sbit load2=P2^1;
  10          sbit load3=P2^2;
  11          
  12          // streer light connections //
  13          
  14          void main()
  15            {
  16   1          load1=load2=load3=0;
  17   1          sensor1=sensor2=sensor3=0;  /// optional logic based on input
  18   1          while(1)
  19   1          { 
  20   2            if(sensor1==1)
  21   2            {
  22   3              load1=1;  // light 1 on
  23   3              load2=0;  // other 2 and 3 off
  24   3              load3=0;
  25   3            }
  26   2            if(sensor2==1)
  27   2            {
  28   3              load1=0;  // light 2 on 
  29   3              load2=1;
  30   3              load3=0;
  31   3            }
  32   2            if(sensor3==1)
  33   2            {
  34   3              load1=0;
  35   3              load2=0; 
  36   3              load3=1;  // light 3 on  
  37   3            }
  38   2          }
  39   1        
  40   1        }


MODULE INFORMATION:   STATIC OVERLAYABLE
   CODE SIZE        =     41    ----
   CONSTANT SIZE    =   ----    ----
   XDATA SIZE       =   ----    ----
   PDATA SIZE       =   ----    ----
   DATA SIZE        =   ----    ----
   IDATA SIZE       =   ----    ----
   BIT SIZE         =   ----    ----
END OF MODULE INFORMATION.


C51 COMPILATION COMPLETE.  0 WARNING(S),  0 ERROR(S)
